[debug] [2021-09-05T12:35:45.785Z] ----------------------------------------------------------------------
[debug] [2021-09-05T12:35:45.789Z] Command:       C:\Program Files\nodejs\node.exe C:\Users\DELL\AppData\Roaming\npm\node_modules\firebase-tools\lib\bin\firebase.js init
[debug] [2021-09-05T12:35:45.790Z] CLI Version:   9.17.0
[debug] [2021-09-05T12:35:45.790Z] Platform:      win32
[debug] [2021-09-05T12:35:45.791Z] Node Version:  v14.17.0
[debug] [2021-09-05T12:35:45.792Z] Time:          Sun Sep 05 2021 17:35:45 GMT+0500 (Pakistan Standard Time)
[debug] [2021-09-05T12:35:45.793Z] ----------------------------------------------------------------------
[debug] 
[debug] [2021-09-05T12:35:45.871Z] > command requires scopes: ["email","openid","https://www.googleapis.com/auth/cloudplatformprojects.readonly","https://www.googleapis.com/auth/firebase","https://www.googleapis.com/auth/cloud-platform"]
[debug] [2021-09-05T12:35:45.871Z] > authorizing via signed-in user (aliadamji22771@gmail.com)
[info] 
     ######## #### ########  ######## ########     ###     ######  ########
     ##        ##  ##     ## ##       ##     ##  ##   ##  ##       ##
     ######    ##  ########  ######   ########  #########  ######  ######
     ##        ##  ##    ##  ##       ##     ## ##     ##       ## ##
     ##       #### ##     ## ######## ########  ##     ##  ######  ########

You're about to initialize a Firebase project in this directory:

  C:\Users\DELL

Before we get started, keep in mind:

  * You are initializing within an existing Firebase project directory

[info] 
=== Project Setup
[info] 
[info] First, let's associate this project directory with a Firebase project.
[info] You can create multiple project aliases by running firebase use --add, 
[info] but for now we'll just set up a default project.
[info] 
[info] i  .firebaserc already has a default project, using mobile-and-app-fa5b2. 
[debug] [2021-09-05T12:35:57.875Z] >>> [apiv2][query] GET https://firebase.googleapis.com/v1beta1/projects/mobile-and-app-fa5b2 [none]
[debug] [2021-09-05T12:35:58.538Z] <<< [apiv2][status] GET https://firebase.googleapis.com/v1beta1/projects/mobile-and-app-fa5b2 403
[debug] [2021-09-05T12:35:58.539Z] <<< [apiv2][body] GET https://firebase.googleapis.com/v1beta1/projects/mobile-and-app-fa5b2 {"error":{"code":403,"message":"The caller does not have permission","status":"PERMISSION_DENIED"}}
[debug] [2021-09-05T12:35:58.541Z] HTTP Error: 403, The caller does not have permission
[debug] [2021-09-05T12:35:59.106Z] FirebaseError: HTTP Error: 403, The caller does not have permission
    at module.exports (C:\Users\DELL\AppData\Roaming\npm\node_modules\firebase-tools\lib\responseToError.js:38:12)
    at Client.doRequest (C:\Users\DELL\AppData\Roaming\npm\node_modules\firebase-tools\lib\apiv2.js:238:23)
    at processTicksAndRejections (internal/process/task_queues.js:95:5)
    at async Client.request (C:\Users\DELL\AppData\Roaming\npm\node_modules\firebase-tools\lib\apiv2.js:96:20)
    at async Object.getFirebaseProject (C:\Users\DELL\AppData\Roaming\npm\node_modules\firebase-tools\lib\management\projects.js:290:21)
    at async Object.doSetup [as project] (C:\Users\DELL\AppData\Roaming\npm\node_modules\firebase-tools\lib\init\features\project.js:77:27)
    at async init (C:\Users\DELL\AppData\Roaming\npm\node_modules\firebase-tools\lib\init\index.js:19:9)
[error] 
[error] Error: Failed to get Firebase project mobile-and-app-fa5b2. Please make sure the project exists and your account has permission to access it.
